
Session terminated, killing shell... ...killed.
script: write error
 12
0.016707 33
0.050638 18
0.007441 8
0.001415 17
5.718066 4
0.259216 12
0.286870 43
0.323411 72
0.381682 10
0.416233 13
0.253143 50
0.304199 63
0.364256 16
0.229926 7
0.157887 1
0.209446 1
0.412972 1
0.074130 1
0.129535 1
0.085814 1
0.142863 1
0.544298 1
0.121029 1
0.120699 1
0.173884 1
0.193617 1
0.699471 1
0.864716 1
0.066588 1
0.121545 1
0.282046 1
0.343390 1
0.104301 1
0.423985 4
0.260093 4
0.509080 4
0.165988 4
0.159318 4
0.175795 4
0.164255 4
0.632715 1
0.156129 1
0.182206 1
0.184112 4
0.183795 4
0.369865 1
0.158660 1
0.571605 1
1.171489 1
0.063103 1
0.087580 1
0.288991 1
2.110898 1
0.353997 1
0.079474 1
0.737551 1
0.093758 1
0.347928 4
0.124420 1
0.129906 1
0.063635 1
0.111078 1
0.231648 2
0.001829 9
0.391350 26
1.425049 2
0.297653 26
0.000705 26
0.027164 18
0.003251 8
0.001459 17
5.029923 26
0.058720 1
0.604152 1
0.038305 1
0.039227 1
0.040350 1
0.039107 1
0.041077 1
0.039169 1
0.039040 1
0.040467 1
0.040230 1
0.339527 1
0.180204 1
0.853924 9
0.893248 5
0.101743 5
0.093825 5
0.426976 2
0.002688 9
0.374718 26
0.020273 16
0.032403 18
0.003052 8
0.001630 17
39.629917 1
0.536285 1
0.106522 1
0.131178 1
0.176259 1
0.179890 1
0.081742 1
0.222787 1
0.109296 1
0.118907 1
0.090550 1
0.182587 1
0.053956 1
0.979600 1
4.864770 1
0.141098 1
4.244197 1
0.005840 1
0.075912 1
0.218625 1
0.046498 1
0.171256 1
0.069001 1
0.592675 1
0.055498 1
0.106514 1
0.052454 1
1.721436 2
0.001099 9
1.634243 190
0.354916 37
0.023695 2
0.002180 55
0.001102 112
3.185573 1
0.219405 2
0.042529 6
0.001895 207
0.254985 414
0.042798 209
0.000096 207
0.152360 207
0.120783 207
0.242645 416
0.046844 207
0.011809 207
0.013912 209
0.000092 207
0.000539 207
0.000313 416
0.003129 207
0.045398 207
0.064371 207
0.056857 209
0.020173 34
0.253171 207
0.200743 207
0.199716 207
0.201274 207
0.199843 207
0.087949 209
0.662405 207
0.198057 207
0.168996 209
0.158026 207
0.199981 207
0.204185 207
0.188014 209
1.183439 38
0.000288 40
0.428691 49
2.594544 37
0.562201 38
0.377854 6
0.289089 18
0.003506 8
0.001833 17
113.495614 2
0.154233 1
0.356720 1
0.389236 1
0.286790 1
1.248049 1
0.236108 1
3.323740 4
0.361127 4
0.735216 1
0.760165 1
0.499770 1
0.495117 1
0.952675 3
0.374803 3
0.471169 1
4.691635 5
0.048804 5
0.111195 5
0.146440 5
0.134464 5
0.121998 5
0.756746 5
0.274316 5
0.333607 5
0.681321 5
3.835730 5
3.639243 5
0.035241 5
0.438296 5
0.205580 5
0.706584 5
0.279186 5
0.335773 5
0.207892 5
5.373798 5
0.001810 5
0.359516 5
0.161748 5
0.418465 5
0.080575 5
0.493205 5
0.145004 5
0.184246 5
0.078032 5
0.170961 5
0.398376 5
0.160109 5
0.096147 5
0.087642 5
0.079209 5
0.899251 5
0.018040 5
0.137311 5
0.692181 5
0.085189 5
0.192122 5
0.079960 5
0.846017 5
0.209018 5
0.056294 5
0.095527 5
0.397166 5
0.667473 5
0.314761 5
0.421422 5
0.299522 5
0.378114 5
0.245798 5
0.098122 5
0.352447 5
0.365465 5
0.776850 5
0.327090 5
0.283556 5
1.780800 5
0.420022 5
0.079838 5
0.195480 5
0.534109 5
5.938261 5
0.816788 5
0.099604 5
0.078427 5
0.191334 5
0.106031 5
0.120770 5
0.150143 5
0.258272 5
0.077453 5
0.179637 5
0.184885 5
0.313764 5
0.756200 5
0.930761 5
0.109288 5
0.128471 5
0.109959 5
0.061783 5
0.138254 5
0.191649 5
0.262331 5
0.234338 5
0.100191 5
5.769517 2
0.002258 9
1.112372 31
1.927452 397
0.000458 720
0.000129 90
0.000184 135
0.000127 90
0.000125 45
0.000097 90
0.000088 90
0.000114 45
0.000111 90
0.002395 720
0.000130 722
0.000093 92
0.000085 92
0.000103 46
0.000183 92
0.000099 92
0.000086 92
0.000323 276
0.000106 46
0.000275 138
0.000094 92
0.000101 46
0.000121 138
0.000096 46
0.000100 92
0.000149 100
0.000120 47
0.000104 94
0.000176 94
0.000096 94
0.000195 96
0.000181 96
0.000097 48
0.000110 96
0.000098 48
0.000089 96
0.000096 48
0.000084 96
0.000091 48
0.000084 96
0.000083 96
0.000090 48
0.000104 96
0.000094 48
0.000236 144
0.000095 48
0.000082 96
0.000319 96
0.000271 528
0.000097 48
0.000092 96
0.000081 96
0.000087 48
0.000132 96
0.000140 48
0.000091 144
0.000092 96
0.000081 96
0.000086 48
0.000102 96
0.000098 48
0.000081 96
0.000097 96
0.000092 49
0.000089 98
0.000087 98
0.000087 49
0.001096 98
0.000098 245
0.069149 98
0.000145 98
0.000165 98
0.000076 98
0.000165 147
0.000453 98
0.000360 98
0.000090 57
0.098245 33
0.004356 34
0.007698 34
0.061531 34
0.130240 34
0.039682 34
0.002301 34
0.032527 35
0.012758 35
0.001641 35
0.024066 35
0.011298 35
0.020766 35
0.016221 35
0.001656 35
0.025626 35
0.013882 35
0.018946 35
0.010233 35
0.000964 35
0.010184 35
0.038930 35
0.073758 62
0.033345 62
0.209989 62
0.001833 62
0.021160 62
0.000727 62
0.011683 62
0.012178 62
0.024022 62
0.014344 62
0.033877 62
0.074980 62
0.000766 62
0.024530 62
0.011839 62
0.001293 62
0.009036 62
0.031460 62
0.021526 62
0.000774 62
0.008414 62
0.007232 62
0.009586 62
0.001507 62
0.029191 62
0.006655 62
0.006835 62
0.207999 62
0.052453 62
0.003262 62
0.001592 62
0.004513 62
0.032573 62
0.011199 62
0.014036 62
0.001102 62
0.020378 62
0.241979 62
0.004634 62
0.001666 62
0.002832 62
0.002504 62
0.002800 62
0.001219 62
0.001906 62
0.003812 62
0.002854 62
0.002644 62
0.001455 63
0.000774 63
0.000947 63
0.001282 63
0.002392 63
0.000988 63
0.001632 63
0.002092 63
0.000742 63
0.001124 63
0.001280 63
0.002913 63
0.000853 63
0.016830 63
0.001134 63
0.077472 63
0.039714 63
0.337999 63
1.010460 61
0.743406 61
0.006276 61
1.175190 61
0.001051 61
0.181436 61
0.006349 61
0.001947 61
0.000743 61
0.002759 61
0.004842 61
0.004411 61
0.000158 61
0.000998 61
0.007738 61
0.009231 61
0.014543 61
0.037546 82
0.001215 61
0.000297 69
0.006090 30
0.000147 30
0.000453 30
0.000940 30
0.000731 30
0.000151 30
0.000598 30
0.000636 30
0.000449 60
0.000761 124
0.000344 31
0.000393 31
0.000731 62
0.000110 31
0.000563 31
0.000273 31
0.000788 31
0.000117 62
0.000670 31
0.001744 31
0.000104 93
0.000894 217
0.000583 31
0.000164 31
0.000301 31
0.000465 62
0.000632 31
0.000708 39
0.064938 91
0.670082 50
0.002370 21
0.006086 12
0.001141 2
0.002794 48
0.001990 31
0.000132 79
0.000280 149
0.007194 100
0.001105 42
0.000760 72
6.413285 1
7.218628 2
0.017631 56
0.083019 80
0.073992 2
0.017148 173
0.000240 173
0.000585 519
0.000091 203
0.011857 120
0.000102 2
0.007000 52
0.005824 69
0.008059 106
0.000194 6
3.960941 230
0.010644 24
0.018674 29
0.007529 43
0.000514 3
0.000792 7
0.000582 8
6.010928 7
0.000490 8
0.000627 3
0.008874 230
0.009185 24
0.019355 29
0.005121 46
0.000725 7
0.000277 8
0.961604 1
0.056973 3
0.314827 7
0.001602 11
0.011075 19
0.000162 7
0.017369 276
0.001970 230
0.008402 24
0.018804 29
0.006956 46
0.000794 7
0.000232 8
8.484088 1
0.036952 3
0.436658 5
0.217995 3
0.518426 1
0.085810 3
0.022796 1
0.165938 1
0.096130 1
0.153171 1
0.074071 1
0.115459 1
0.076768 1
0.141924 1
0.782709 1
0.285497 1
2.347358 1
0.300419 1
0.230543 17
1.224878 1
0.000720 6
0.002041 1
0.000084 2
0.004606 256
0.000144 279
0.000096 26
11.960902 1
0.062163 1
0.399953 3
0.192513 3
0.117014 1
0.132985 1
0.216160 13
0.597700 1
0.000101 6
0.002340 6
0.000089 58
6.250299 27
0.000197 33
6.331219 3
0.546546 3
0.303726 15
0.173127 12
0.128660 9
0.603550 9
0.040784 16
0.035158 13
0.735009 1
0.086590 3
0.142608 1
0.110216 1
0.235727 1
0.101350 1
0.111802 1
0.086124 1
0.079272 1
0.215485 1
15.573299 1
0.163901 1
0.553453 3
0.345095 1
0.339759 1
0.379576 1
0.496497 3
0.271870 1
0.148889 1
0.250640 13
0.751462 1
0.000353 6
0.001917 6
0.002926 167
0.000099 23
0.891913 1
0.173502 12
0.181770 33
0.761755 7
0.001524 14
0.022679 43
0.000145 9
0.395134 8
0.000778 54
0.001115 13
0.003745 29
0.005269 29
0.000134 41
0.001258 709
0.003248 285
0.000164 1405
0.657961 6
0.002863 12
0.002625 4
0.588800 22
0.035545 18
0.000314 4
0.041430 18
0.000202 4
0.037737 18
0.000498 4
0.039484 18
0.000286 4
0.039173 18
0.000163 4
0.040424 18
0.000160 5
0.039281 18
0.000307 5
0.039980 18
0.000279 5
0.040401 23
0.039879 18
0.000296 5
0.039896 23
0.039724 23
0.039804 18
0.000816 5
0.038685 18
0.000476 5
0.040858 6
0.000173 17
0.039340 18
0.000304 5
0.040010 18
0.000365 5
0.038966 6
0.001130 8
0.000352 17
0.039316 18
0.000207 5
0.040063 18
0.000514 5
0.038710 6
0.000646 17
0.038680 18
0.000328 5
0.040205 18
0.000280 5
0.040308 18
0.000353 5
0.038994 18
0.000492 5
0.039047 18
0.000513 5
0.040325 6
0.000185 17
0.039234 18
0.000552 5
0.039556 18
0.000503 5
0.040286 18
0.000364 5
0.247924 18
0.000204 5
0.680938 18
0.000411 5
0.601824 18
0.000550 5
0.038864 18
0.000218 5
0.037552 18
0.000299 5
0.039519 23
0.039545 18
0.000468 5
0.040266 18
0.000301 5
0.040064 23
0.039357 18
0.000209 5
0.039588 18
0.000284 5
0.040716 18
0.000660 5
0.038563 18
0.000293 5
0.039849 6
0.001955 12
0.002491 16
0.001231 15
0.033025 6
0.000762 12
0.000434 16
0.000473 15
0.000605 22
0.038373 6
0.000720 28
0.000491 50
0.038524 6
0.000103 12
0.000623 16
0.000342 15
0.000167 26
0.040564 6
0.000322 12
0.000414 16
0.000388 58
0.037380 6
0.000105 12
0.000360 16
0.000499 15
0.038551 6
0.000256 12
0.000546 16
0.000386 15
0.039577 6
0.000258 12
0.000487 16
0.000506 45
0.038306 6
0.000239 12
0.000531 16
0.000426 45
0.039613 6
0.000379 12
0.000204 16
0.000616 45
0.038540 6
0.000359 12
0.000435 16
0.000608 15
0.038874 6
0.000285 12
0.000412 16
0.000679 79
0.037744 6
0.000300 12
0.000526 16
0.000588 15
1.118434 6
0.000937 12
0.003630 53
0.701479 6
0.002815 12
0.001860 56
0.261652 6
0.001472 12
0.001006 16
0.001320 15
0.265578 6
0.000296 12
0.001450 16
0.000521 15
0.484794 6
0.000899 12
0.000885 16
0.001691 35
0.666596 6
0.001278 12
0.000563 16
0.000626 35
0.575454 6
0.000857 12
0.002973 51
0.196449 6
0.002060 12
0.001482 16
0.000847 15
0.204998 18
0.001313 16
0.001141 15
0.000199 54
0.187512 6
0.000518 12
0.002338 16
0.001721 111
0.868538 6
0.001265 15
0.142440 6
0.000934 15
1.452417 21
0.602592 18
0.000318 3
0.183697 6
0.001216 15
0.160389 18
0.000448 3
0.167411 18
0.000250 3
0.206106 18
0.000454 3
0.200928 6
0.001351 15
0.327183 6
0.000336 12
0.001122 1
0.599529 18
0.000750 1
0.037770 19
0.040036 18
0.000222 1
0.040582 18
0.000293 1
0.038454 18
0.000308 1
0.040594 19
0.040386 18
0.000617 1
0.038991 19
0.039547 6
0.000396 13
0.041703 18
0.000705 1
0.037267 18
0.000510 1
0.039140 18
0.000461 1
0.040032 18
0.000218 1
0.039210 18
0.000883 1
0.041477 18
0.000335 1
0.037482 6
0.000482 13
0.041095 18
0.000338 1
0.038200 18
0.000352 1
0.041361 18
0.000240 1
0.236461 6
0.000954 12
0.000823 1
0.460852 6
0.003557 8
0.000962 17
0.001292 28
0.188216 6
0.002424 15
0.123359 6
0.001467 12
0.000614 1
0.100598 18
0.000289 1
0.298188 21
0.472071 19
0.237791 6
0.000832 17
0.266879 6
0.000705 13
0.206356 18
0.000988 1
0.175853 6
0.001570 13
0.429912 6
0.000832 12
0.001384 3
0.168807 6
0.001885 15
0.644627 18
0.000569 1
0.329141 6
0.000704 13
0.330971 18
0.001509 6
0.601578 6
0.000271 17
0.037682 18
0.000413 8
0.038121 18
0.001060 5
0.038533 6
0.000161 17
0.038632 6
0.000461 18
0.040438 18
0.000305 8
0.039151 18
0.000239 5
0.040367 6
0.000304 12
0.000992 17
0.000169 37
0.037031 6
0.000312 12
0.000586 17
0.000201 15
0.040043 6
0.000132 12
0.000295 16
0.000442 28
0.038621 6
0.000394 12
0.000348 17
0.000391 45
0.174039 6
0.001009 12
0.000417 17
0.000752 18
0.201993 6
0.000623 12
0.001319 17
0.001216 15
0.164103 6
0.000895 12
0.000787 16
0.002468 82
0.180555 6
0.000608 12
0.001696 17
0.001060 109
0.180848 6
0.000853 12
0.001488 17
0.001146 80
0.148027 6
0.000854 12
0.001096 17
0.001806 15
0.164909 6
0.000662 12
0.000912 16
0.002006 15
0.563856 6
0.001207 12
0.000609 16
0.002539 36
0.187994 6
0.001122 12
0.001553 17
0.001369 36
0.170181 6
0.001576 12
0.001530 17
0.000811 36
0.173960 6
0.000566 12
0.001129 17
0.002048 15
0.164952 6
0.000741 12
0.001370 16
0.001367 79
0.155666 6
0.000976 12
0.001714 17
0.001415 15
1.060740 6
0.000637 12
0.001192 16
0.000852 78
0.197017 6
0.001033 12
0.000384 17
0.001318 24
0.188567 6
0.002631 29
0.001485 26
0.194962 6
0.001554 12
0.000869 17
0.003291 28
0.206618 6
0.000217 12
0.000439 17
0.000683 15
0.252396 18
0.001078 16
0.001123 30
1.531762 6
0.000652 12
0.000673 17
0.001304 15
0.285657 6
0.001100 12
0.002358 16
0.000790 107
1.621445 6
0.001264 16
0.573438 18
0.000724 8
18.810554 18
0.001501 14
0.001072 84
0.002747 12
0.000682 17
0.005291 61
0.000298 251
0.004331 6
0.001461 12
0.000440 17
0.000721 108
0.000139 38
0.039089 6
0.000378 12
0.000617 123
0.000119 30
0.001888 12
0.000089 17
0.000596 129
0.029686 6
0.000729 12
0.000800 106
0.000141 52
1.878512 6
0.001451 17
0.163360 6
0.001679 12
0.000458 8
0.029066 6
0.002436 20
0.121408 25
0.000741 6
0.000547 20
0.800168 6
0.001469 20
0.032684 18
0.000528 11
0.000483 20
0.014409 6
0.001178 17
0.027689 6
0.001490 12
0.000839 13
0.000552 17
0.000133 26
0.000456 26
0.045711 6
0.000911 12
0.000427 28
0.000214 72
0.000163 91
0.000224 63
0.666320 6
0.001212 17
0.180023 6
0.000960 20
0.000490 6
0.001536 18
0.269024 6
0.001530 20
0.122332 6
0.001629 20
0.042543 6
0.001302 20
0.200710 6
0.001520 20
0.408087 6
0.001428 20
0.112708 6
0.001548 12
0.000753 14
0.000940 54
0.856247 6
0.002352 12
0.001338 16
0.000585 90
0.000675 52
1.305731 6
0.001334 12
0.001287 8
0.005641 18
0.000478 5
0.737829 18
0.000711 8
0.601565 6
0.001213 20
0.038684 18
0.000277 8
0.037197 18
0.001936 4
0.037941 18
0.000410 7
0.038724 18
0.000261 8
0.040064 18
0.000420 3
0.039663 18
0.000202 8
0.040323 18
0.000289 8
0.218257 18
0.000263 8
0.214857 18
0.000928 4
0.159102 18
0.000293 8
0.207055 18
0.001301 3
0.298107 6
0.000207 15
0.601606 6
0.000513 12
0.001053 4
0.037006 26
0.037669 18
0.000447 8
0.039251 6
0.000292 20
0.040085 18
0.000297 8
0.039741 18
0.000446 4
0.039560 18
0.000423 4
0.040004 18
0.000341 8
0.038935 18
0.000626 4
0.039337 18
0.000330 8
0.040110 18
0.000325 3
0.039846 6
0.000680 16
0.040034 18
0.000582 8
0.038688 18
0.000225 3
0.039275 18
0.000290 4
0.040169 18
0.000503 8
0.039457 18
0.000283 3
0.182539 18
0.000459 3
0.206006 6
0.000960 16
0.185462 26
0.636648 6
0.003476 12
0.000923 1
0.000709 2
0.237820 6
0.001414 13
0.558944 6
0.001471 18
0.237317 6
0.000679 20
0.191792 18
0.000259 5
0.208488 6
0.001230 17
0.174365 18
0.000524 6
0.190401 18
0.000741 8
0.201060 18
0.000605 5
0.771058 6
0.000540 12
0.001036 1
0.642339 18
0.001562 1
0.459114 24
0.250084 6
0.000558 20
0.281618 6
0.000824 17
7.846916 6
0.001027 18
0.198671 26
0.583970 18
0.001132 7
0.263027 18
0.001068 6
0.332769 6
0.000822 20
0.331502 26
0.269888 18
0.000292 8
0.230207 6
0.000722 20
0.208168 18
0.000494 6
0.231417 6
0.000973 20
0.198759 18
0.000285 5
0.936621 18
0.000376 5
0.939521 6
0.001549 18
0.442706 6
0.000860 12
0.001126 8
0.237178 6
0.000837 20
0.263037 6
0.001968 12
0.001098 8
0.974468 6
0.000481 20
0.311389 18
0.000344 5
0.493756 18
0.000422 7
0.248864 24
0.207538 6
0.000544 20
0.230348 6
0.001475 20
0.207110 18
0.001162 8
0.206615 6
0.000460 20
0.669551 25
0.186820 18
0.000564 6
0.320345 6
0.001635 12
0.001843 16
0.001256 15
0.000652 21
0.263150 6
0.000349 12
0.001186 17
0.000205 16
7.622056 6
0.000196 12
0.000563 17
0.000421 16
0.820113 6
0.001008 12
0.001161 17
0.000761 15
0.251218 6
0.001309 12
0.001459 16
0.001839 81
0.198249 6
0.000572 12
0.000614 17
0.000815 27
0.261066 6
0.001145 12
0.001759 17
0.002037 44
0.202587 6
0.000849 12
0.001104 17
0.000728 15
0.361763 6
0.000278 12
0.000540 16
0.001549 98
0.263429 6
0.001466 12
0.001093 17
0.000803 37
0.000749 28
0.454682 6
0.001071 12
0.001764 17
0.001799 67
0.907204 18
0.000493 3
0.329102 18
0.000293 5
0.624031 6
0.001255 12
0.001095 17
0.001421 67
0.737458 6
0.000290 12
0.001644 56
0.000433 27
0.613575 6
0.000642 12
0.001425 17
0.001919 67
1.166811 6
0.001577 29
0.001431 38
0.000279 27
0.629076 6
0.000366 12
0.001272 17
0.000368 15
0.291240 6
0.000661 12
0.002345 16
0.000997 95
0.437109 6
0.001399 12
0.000825 17
0.001779 80
0.178109 6
0.000964 12
0.000955 17
0.002359 71
0.186569 6
0.001313 12
0.001347 17
0.001301 76
0.245641 6
0.000856 12
0.002150 17
0.001644 74
0.202079 6
0.001017 12
0.003144 17
0.000574 87
0.484580 6
0.000773 12
0.000622 17
0.000819 85
0.198505 18
0.001072 17
0.000760 76
0.165881 6
0.000439 12
0.002262 17
0.000968 74
0.163671 6
0.001481 12
0.001108 17
0.000582 67
0.149380 6
0.001698 12
0.000876 17
0.001923 76
0.603335 6
0.000591 12
0.000894 17
0.001326 81
0.229547 6
0.000958 12
0.000984 17
0.002613 80
0.599884 18
0.001368 17
0.000600 76
0.032612 6
0.000293 12
0.000625 17
0.000598 76
0.038492 6
0.000628 12
0.000338 17
0.000973 82
0.038710 6
0.000477 12
0.001027 17
0.000549 82
0.037798 6
0.000303 12
0.000627 17
0.000629 82
0.098501 6
0.000614 12
0.000358 17
0.000800 69
0.168989 6
0.000769 12
0.002238 17
0.000892 16
0.599508 6
0.001165 12
0.000861 17
0.002085 15
0.037908 6
0.000283 12
0.000512 16
0.000511 80
0.450553 6
0.000529 12
0.002145 17
0.000974 59
0.181721 18
0.000955 17
0.001387 63
0.171601 6
0.000862 12
0.001046 17
0.002172 64
0.516706 6
0.001158 12
0.001568 17
0.000628 62
0.221157 6
0.001612 12
0.000349 17
0.001036 82
0.197967 18
0.001363 17
0.000468 80
0.204603 6
0.000577 12
0.000972 17
0.002584 80
0.229396 6
0.000811 12
0.001006 17
0.000433 78
0.107986 6
0.000291 12
0.001391 17
0.000199 15
0.123330 6
0.000225 12
0.000910 16
0.001022 88
0.233157 6
0.000852 12
0.001452 17
0.000375 24
0.148084 6
0.001322 12
0.000580 17
0.003133 137
0.210505 6
0.001482 12
0.001896 17
0.001189 69
0.173695 6
0.000885 12
0.001245 17
0.000403 16
0.056592 6
0.000893 12
0.000656 17
0.000935 15
0.307503 6
0.000302 12
0.001438 103
0.132387 6
0.000331 12
0.002121 17
0.000798 23
0.088456 6
0.000707 12
0.000714 17
0.000873 36
0.348279 18
0.000393 17
0.001364 16
0.205305 6
0.000426 12
0.000778 17
0.002101 15
0.172049 6
0.000458 12
0.001859 16
0.000731 75
0.197998 6
0.001335 12
0.001359 17
0.000801 21
0.177546 6
0.001044 12
0.002114 17
0.000775 106
0.133346 6
0.000853 12
0.000444 17
0.001097 124
0.221204 6
0.000312 12
0.001264 17
0.002269 16
0.157216 6
0.000865 12
0.001443 17
0.001156 15
0.204288 6
0.000656 12
0.002131 16
0.001069 15
0.163657 6
0.000494 12
0.000888 16
0.001080 28
0.205347 6
0.002021 12
0.001484 45
0.164784 6
0.001371 12
0.001238 17
0.000387 28
0.213101 6
0.000775 12
0.001130 17
0.002386 15
0.189018 6
0.000933 12
0.000875 16
0.000658 76
0.187646 6
0.000914 12
0.002094 17
0.000737 22
0.678777 6
0.000894 12
0.001533 32
0.000315 14
0.178656 6
0.001450 12
0.002027 17
0.000243 27
0.235825 6
0.000931 12
0.002691 42
0.189432 6
0.001301 12
0.002069 44
0.347123 6
0.001522 12
0.001066 17
0.000643 25
0.223393 6
0.000880 12
0.001866 17
0.001096 15
0.194087 6
0.000859 12
0.000978 16
0.000881 31
0.181211 6
0.001475 12
0.001625 17
0.000774 15
0.214118 6
0.000683 12
0.000695 16
0.001067 77
0.186641 6
0.000804 12
0.001859 17
0.000626 15
0.174985 6
0.001194 12
0.001305 16
0.001562 25
0.261807 6
0.000552 12
0.000998 17
0.001230 44
1.172123 6
0.000829 12
0.000921 17
0.000663 16
0.647785 6
0.001324 12
0.000837 17
0.002048 16
0.371632 6
0.001549 12
0.000695 17
0.000847 15
0.290321 6
0.001759 12
0.002551 16
0.000423 72
0.202993 6
0.000747 12
0.002907 17
0.000241 57
0.244726 6
0.002242 12
0.000655 17
0.001665 15
0.241848 6
0.001582 12
0.001664 63
0.238630 6
0.000803 12
0.000877 17
0.002277 107
0.211159 6
0.000830 12
0.000645 17
0.000950 23
0.293930 6
0.000288 12
0.001401 17
0.001976 38
0.285260 6
0.000392 12
0.000845 17
0.000766 34
0.284446 6
0.001044 12
0.001671 17
0.001759 16
0.235450 6
0.000659 12
0.001273 17
0.001770 15
1.305818 6
0.001104 12
0.000767 16
0.000817 15
0.740748 6
0.001564 28
0.000898 34
0.232659 6
0.000896 12
0.001872 17
0.001658 34
0.180000 6
0.000811 12
0.000717 17
0.001113 34
0.189562 6
0.000675 12
0.002119 17
0.000428 15
0.171882 6
0.000639 12
0.000867 16
0.001310 73
0.189512 6
0.000288 12
0.001239 17
0.001358 75
0.189228 6
0.001168 12
0.000836 17
0.000758 15
0.187484 6
0.000563 12
0.002919 31
0.000379 79
0.173744 6
0.000949 12
0.001004 17
0.001050 58
0.181372 6
0.000678 12
0.002071 17
0.001472 54
0.597434 6
0.000907 12
0.000869 17
0.001789 44
0.034053 6
0.000242 29
0.000714 61
0.038928 18
0.000640 17
0.000493 58
0.038335 6
0.000488 12
0.000294 17
0.000577 54
0.038490 6
0.000139 12
0.000708 17
0.000812 60
0.038614 6
0.000228 12
0.000537 17
0.000554 65
0.037969 6
0.000408 12
0.000472 17
0.000483 15
0.140669 6
0.000565 12
0.000675 16
0.001144 61
0.601861 6
0.001144 12
0.000904 17
0.002443 58
0.032088 6
0.000302 12
0.000350 17
0.000776 59
0.037663 6
0.000139 12
0.000569 17
0.000626 56
0.039106 6
0.000213 12
0.000260 17
0.000643 58
0.039142 6
0.000174 12
0.000482 17
0.000475 15
0.040454 6
0.000468 12
0.000488 16
0.000646 63
0.035924 6
0.000243 12
0.000444 17
0.000442 55
0.039164 6
0.000378 12
0.000377 17
0.000806 55
0.153375 6
0.000672 12
0.000621 17
0.000767 55
0.200758 6
0.000685 12
0.000683 17
0.000908 55
0.171050 6
0.000930 12
0.000827 17
0.003312 55
0.170651 6
0.001578 12
0.001406 32
0.000742 40
0.174452 18
0.000894 17
0.003026 55
0.598480 6
0.000693 12
0.000784 17
0.001515 55
0.033787 6
0.000178 12
0.000896 17
0.000662 55
0.037658 6
0.000364 12
0.000635 17
0.000718 56
0.037131 6
0.000575 12
0.000406 17
0.000447 15
0.038562 6
0.000148 12
0.000776 16
0.000443 87
0.038707 6
0.000464 12
0.000516 17
0.000454 67
0.038765 6
0.000384 12
0.000588 17
0.000556 67
0.038759 18
0.000480 17
0.000602 67
0.039632 6
0.000363 12
0.000423 17
0.000581 67
0.037730 6
0.000243 12
0.000521 17
0.000570 67
0.039631 6
0.000187 12
0.000513 17
0.000622 67
0.513675 6
0.001594 12
0.001167 17
0.000667 67
2.726566 6
0.001334 12
0.001965 17
0.000253 67
0.598983 6
0.001328 12
0.000610 17
0.001805 67
0.033918 6
0.000220 12
0.000393 17
0.000540 68
0.038357 6
0.000143 12
0.000521 17
0.000684 15
0.038481 6
0.000372 12
0.000414 16
0.000539 63
0.037857 6
0.000294 12
0.000500 17
0.000483 72
0.039413 6
0.000138 12
0.000685 17
0.000350 79
0.038999 6
0.000147 12
0.000587 17
0.000506 15
0.037856 6
0.000560 12
0.000324 16
0.000567 81
0.038593 6
0.000245 12
0.000486 17
0.000528 66
0.038526 6
0.000495 12
0.000414 17
0.000945 64
0.039205 6
0.000535 12
0.000275 17
0.000650 15
0.080798 6
0.000224 12
0.000753 16
0.000813 80
0.509432 6
0.000786 12
0.001016 17
0.000842 62
0.600415 6
0.000881 12
0.001225 17
0.002565 64
0.031667 6
0.000135 12
0.000473 17
0.000593 15
0.170116 6
0.000657 12
0.000688 16
0.000831 77
0.231629 6
0.002014 29
0.001110 107
0.709317 6
0.002090 12
0.000857 119
0.197152 6
0.001131 12
0.001791 17
0.000383 96
0.181087 6
0.001889 12
0.001164 118
0.180798 6
0.001598 12
0.002078 17
0.000948 89
0.203306 6
0.000660 12
0.003067 32
0.000414 76
0.179919 6
0.001078 12
0.001241 17
0.001789 15
0.188255 6
0.001060 12
0.001045 16
0.002504 35
0.499270 6
0.000511 12
0.001042 17
0.002184 68
0.187474 6
0.002399 29
0.000846 75
0.221722 6
0.000943 12
0.001641 91
0.237416 6
0.000318 12
0.001345 17
0.001225 72
0.261417 6
0.001358 12
0.001951 17
0.001505 15
0.243459 6
0.000706 12
0.001876 16
0.001086 53
0.187227 6
0.001012 12
0.001383 17
0.001646 53
0.179678 6
0.001036 12
0.001139 17
0.001144 53
0.157016 6
0.000888 12
0.000890 17
0.000848 15
0.220943 6
0.000780 12
0.001069 16
0.001887 86
0.338007 6
0.000823 12
0.001070 17
0.000998 100
0.378418 18
0.000887 17
0.000544 15
0.172540 6
0.000231 12
0.001225 16
0.001010 35
0.157820 6
0.000496 12
0.001451 17
0.001217 75
0.171702 6
0.001410 12
0.001099 17
0.000558 15
0.252920 6
0.000675 12
0.001688 16
0.000234 87
0.138822 6
0.000234 12
0.001212 17
0.000947 68
0.233404 6
0.001036 12
0.001645 17
0.001481 15
0.178514 6
0.001286 12
0.000904 16
0.001057 63
0.191810 6
0.000812 12
0.000901 17
0.000700 105
0.187203 6
0.001171 12
0.000694 17
0.002028 15
0.180657 18
0.209002 6
0.000288 12
0.247016 18
0.119854 18
0.143580 18
0.111404 18
17.865341 6
0.002999 21
0.001693 145
0.000998 175
0.000930 39
0.000956 232
0.000253 12
1.353249 6
0.002454 28
0.084628 6
0.001109 28
0.129736 6
0.000407 28
0.115717 6
0.001089 28
0.336938 6
0.004152 49
0.002177 8
0.002619 53
0.001496 8
0.000976 189
0.000663 196
0.000458 322
0.001398 47
181.553397 6
0.005817 8
0.001458 79
0.001020 12
0.000626 4
1.941320 6
0.004478 278
0.000889 47
0.436493 6
0.003301 176
0.000638 159
0.001898 83
0.471826 6
0.018951 13
0.000209 32
0.023789 31
0.000789 51
0.000258 44
0.000898 8
0.038279 230
0.063200 24
0.033515 29
0.010192 46
0.002351 7
0.000501 8
4.241376 1
0.621891 3
0.428149 1
0.063340 1
0.154466 1
0.114791 1
0.023197 1
0.187958 1
0.060165 1
0.863614 1
0.117479 1
0.878042 3
1.833163 1
0.232907 1
0.588982 3
0.192829 3
0.378966 1
0.442211 1
0.498988 3
0.269450 1
0.399426 3
0.153816 3
0.301813 1
0.294368 1
0.207446 1
0.722628 1
0.365383 1
0.002077 3
0.003285 73
0.000214 17
0.649024 1
0.177768 13
87.446358 7
0.021888 1
0.301352 1
0.000165 14
0.646236 1
0.236148 1
1.055750 1
0.546034 3
0.225453 3
0.320120 3
0.279569 3
1.614314 1
0.001081 6
0.000349 190
0.142655 14
0.001079 3
0.000691 200
5.128457 3
0.001217 95
0.001432 14
0.000376 7
1.044128 3
0.357786 3
0.299984 3
1.393427 3
0.362336 3
40.837941 3
0.597791 3
0.039743 3
0.038383 3
0.038931 3
0.041161 3
0.039403 3
0.040576 3
0.040111 3
0.040947 3
0.038425 1
0.041772 3
0.039888 3
0.039256 3
0.040044 3
0.039688 1
0.040190 3
0.040562 3
0.040967 5
0.038293 3
0.346465 1
0.110442 3
0.189058 1
0.134817 1
0.154981 1
0.199464 1
0.091651 1
0.177566 1
0.153458 1
0.107837 1
0.093267 1
0.154647 1
0.532711 1
0.363740 1
0.190084 1
1.138600 1
0.181023 1
0.381195 1
0.116953 1
0.497367 1
0.209972 1
0.391787 1
0.052325 1
0.253133 1
0.125244 1
0.282053 3
0.113069 1
0.701191 1
0.162819 1
0.110669 1
0.121569 1
0.099043 1
0.097744 1
0.129089 1
0.239689 1
0.068942 1
13.218870 1
0.623771 1
0.059330 1
0.071530 1
0.105336 1
0.100596 1
0.255821 1
0.173127 1
0.177167 1
0.128029 1
0.862421 1
0.106050 1
0.096757 1
0.298334 1
0.253969 1
0.083895 1
0.236230 1
0.119190 1
0.144112 1
0.224000 1
0.409242 1
0.443382 1
0.181402 1
0.090578 1
0.236048 1
0.319991 1
0.102123 1
0.086521 1
0.185627 1
8.004816 7
0.000943 8
0.000665 6
0.033744 68
0.000121 11
0.420965 26
1.502659 2
1.424473 70
0.089176 2
0.000648 104
0.001933 108
0.000242 6
2.217568 1
0.062319 2
0.025261 33
0.027397 38
0.003908 701
0.930436 422
0.054836 211
0.012707 211
0.129842 211
0.000670 211
0.065274 211
0.018379 211
0.117633 422
0.115932 422
0.091937 422
0.112603 211
0.000405 211
0.106361 422
0.101889 422
0.101652 422
0.098965 422
0.111537 422
0.112454 422
0.115961 422
0.084980 422
0.116337 422
0.094418 211
0.000807 211
0.127477 422
0.083179 211
0.001046 211
0.113774 211
0.001823 211
0.102574 422
0.096105 211
0.001148 211
0.105990 422
0.101976 422
0.098188 422
0.102949 422
0.103387 211
0.000944 211
0.097218 422
0.102093 211
0.000979 211
0.121668 422
0.083426 422
0.123793 422
0.086696 211
0.000416 211
0.130266 422
0.089704 422
0.119925 422
0.081434 422
0.120832 422
0.085034 422
0.116589 422
0.096347 211
0.001823 211
0.122200 422
0.076741 211
0.000803 211
0.121916 422
0.089103 422
0.123281 422
0.077058 422
0.123130 211
0.000816 211
0.075713 211
0.003483 211
0.119211 211
0.002595 211
0.076233 211
0.046544 211
0.080320 422
0.083645 211
0.037552 211
0.078094 422
0.085834 211
0.036749 211
0.091968 422
0.003211 422
0.108033 211
0.098442 422
0.113827 211
0.087027 211
0.000206 211
0.123229 211
0.088343 422
0.141599 211
0.058801 422
0.161950 211
0.037188 211
0.002715 211
0.161657 211
0.040340 422
0.162133 211
0.037429 211
0.000428 211
0.164192 211
0.040089 422
0.165454 211
0.038516 422
0.171251 211
0.083960 422
0.125675 211
0.130289 422
0.091678 211
0.108513 211
0.001082 211
0.096172 211
0.102998 422
0.105591 211
0.096529 422
0.103374 211
0.105421 422
0.103966 211
0.114537 422
0.076379 211
0.132762 422
0.205050 422
0.207168 422
0.218890 422
0.200542 422
0.200740 422
0.204772 422
0.202518 422
0.200298 422
0.200635 422
0.199766 211
0.000825 211
0.199998 422
0.200146 422
0.220834 422
0.202025 422
0.200015 422
0.201138 422
0.200566 422
0.203114 422
0.199824 422
0.204536 422
0.199584 422
0.404094 422
0.215002 422
0.198935 211
0.076628 211
0.128140 211
0.081648 211
0.125115 211
0.081610 211
0.118119 211
0.081389 211
0.123011 211
0.090304 211
0.111272 211
0.088507 211
0.112664 211
0.086461 211
0.117286 211
0.085050 211
0.121521 211
0.079898 211
0.124954 211
0.295889 418
0.207709 422
0.205694 422
0.201196 422
0.216222 422
0.207728 422
0.206523 422
0.200371 211
0.000362 211
0.198741 211
0.001819 211
0.005345 211
0.151373 213
0.006111 207
0.303738 207
0.039626 207
0.055831 209
0.000459 207
0.156431 207
0.110428 207
0.311387 416
0.021372 207
0.010585 207
0.004903 209
0.000286 207
0.004130 207
0.011926 207
0.002920 209
0.002435 207
0.000570 207
0.003076 207
0.000089 209
0.007136 34
0.011228 207
0.115612 209
0.010053 207
0.199548 207
0.009800 209
0.009558 414
0.000157 207
0.002274 414
0.000093 828
0.203761 207
0.201228 207
0.217634 207
0.106230 209
0.588437 38
0.000226 38
0.383231 44
0.554944 36
1.069345 37
1.489481 6
0.279140 230
0.055604 24
0.032555 29
0.012364 46
0.001507 7
0.001181 8
3.743389 1
0.001633 3
0.012896 1
0.117398 1
0.107574 1
0.372164 3
0.448009 1
0.053484 1
0.123102 1
0.096146 1
0.061730 1
0.158008 1
2.036157 1
0.602842 3
0.039659 3
0.037940 3
0.039241 3
0.039865 1
0.039918 3
0.040581 3
0.040609 5
0.039066 3
1.494624 1
0.130474 3
0.128123 1
0.093431 1
0.142738 1
0.151733 1
0.080162 1
0.191241 1
0.014950 1
0.706288 3
0.155056 3
0.168392 1
0.102512 1
0.229498 1
1.335938 1
0.407797 1
0.338724 3
0.335259 1
0.202537 1
0.299209 1
0.071715 1
0.297823 3
0.165692 3
0.108403 1
0.121350 1
0.338681 13
1.763129 7
0.381206 15
0.548883 19
0.796945 1
0.000597 6
0.001968 3
0.004478 484
0.000086 37
5.773145 1
0.723420 3
0.602715 3
0.038060 3
0.039408 3
0.039855 3
0.377310 3
0.189460 3
0.172478 3
0.305027 3
0.195649 3
0.228755 3
0.604130 3
0.038007 3
0.038808 3
0.039411 3
0.040888 3
0.039068 3
0.039916 3
0.040383 3
0.039581 3
0.040747 1
0.039916 3
0.253278 3
0.196766 3
0.165637 3
1.844678 1
0.217570 1
0.272862 1
0.191801 1
0.059108 1
0.136041 1
0.196407 1
0.583605 3
0.281132 1
0.446364 1
0.410082 1
0.694863 1
0.034819 1
0.113134 1
0.123832 1
0.129094 1
0.081620 1
0.373182 1
0.448622 1
0.083773 1
0.154694 1
0.075851 1
0.348100 7
0.000982 8
0.000183 6
0.021391 30
0.000340 10
0.413644 230
0.024358 18
0.001068 6
0.024583 29
0.009440 43
0.000538 3
0.002035 7
0.000682 8
1.549999 1
0.475535 3
0.042200 1
0.361317 3
0.104996 5
0.411445 3
0.096393 1
0.125675 1
0.158756 1
0.283021 1
0.055189 1
0.152718 1
0.048052 1
0.120957 1
0.207295 1
0.607298 3
0.479396 1
0.365173 1
0.524022 3
0.312288 1
0.217967 1
0.298521 1
0.075435 1
0.402948 13
0.914993 7
0.267554 12
0.704057 7
0.070370 1
0.173013 1
0.134730 1
0.563882 1
0.296268 1
0.096268 1
0.089831 1
0.402864 7
0.000978 8
0.000528 1
0.000380 2
0.023775 38
0.000126 9
0.391342 8
0.001185 54
0.001027 13
0.008054 59
0.001766 229
0.002781 538
0.000117 195
0.000111 29
0.000617 17
1.580292 6
0.001971 31
0.000859 17
0.000349 1
0.022960 6
0.000343 13
0.136900 19
0.015303 18
0.000256 1
1.721682 18
0.000523 1
10.939071 6
0.004015 12
0.000570 1
0.613238 6
0.001766 12
0.001211 1
0.190243 19
0.781168 6
0.001577 12
0.003607 3
0.172840 6
0.000925 13
0.000204 2
0.203617 18
0.000259 3
0.261915 19
0.250278 6
0.001514 13
0.146856 6
0.001149 13
0.327398 6
0.000843 13
0.230739 6
0.000237 13
0.110678 6
0.000534 13
0.331134 19
0.130838 18
0.000493 1
0.583115 6
0.003337 29
0.346614 6
0.001521 12
0.001208 3
0.046594 18
0.000150 1
0.704604 6
0.001867 12
0.000579 1
0.227617 6
0.000636 13
0.527034 6
0.000591 13
0.782937 6
0.000819 13
0.110878 6
0.000401 13
3.568048 6
0.001225 15
0.187968 18
0.001940 3
0.371385 18
0.000211 3
1.219171 6
0.000286 13
0.236808 6
0.000267 12
0.000450 1
0.092863 18
0.000747 1
0.695501 6
0.001379 12
0.000662 1
0.166775 6
0.000289 13
0.286963 6
0.001941 13
1.373205 6
0.000531 13
0.462639 18
0.000278 1
0.524220 6
0.000680 13
0.149695 6
0.000978 13
0.187943 18
0.000228 1
0.186829 6
0.001135 13
0.876334 6
0.000502 12
0.000638 1
0.070725 6
0.000290 13
14.872735 6
0.000754 13
0.739578 18
0.000582 3
1.415699 6
0.003240 6
0.005231 222
0.000719 98
0.565953 6
0.003289 146
0.000320 189
0.001179 78
0.355955 6
0.013966 45
0.011859 31
0.000510 33
0.000208 6
0.000818 1
0.000307 8
0.000760 44
0.000577 8
0.046056 230
0.028895 18
0.000364 6
0.077098 29
0.007981 43
0.000877 3
0.003214 7
0.000603 8
1.560669 1
0.082518 3
0.154802 1
0.096816 1
0.192187 7
0.000966 8
0.000738 3
0.026645 18
0.376971 35
0.000100 64
0.000670 2
9.305596 230
0.030463 18
0.000276 6
0.029807 29
0.006684 43
0.000527 3
0.002887 7
0.001202 8
