0.045862 99
1.032952 37
0.024180 729
0.025099 6
0.015030 12
0.019762 33
0.040790 8
0.001293 17
4.625063 1
0.008371 1
0.538068 2
0.016400 9
0.023572 78
0.012904 25
7.342207 1
0.007602 1
0.009025 1
0.352855 4
0.211032 4
0.311165 4
115.693431 1
0.016614 1
0.088426 1
0.172886 1
0.111878 1
0.114045 1
0.303025 1
0.083923 1
0.169975 1
0.282859 4
0.173052 1
0.143140 1
0.522678 1
0.208703 1
0.081519 1
0.120667 1
0.379879 1
0.060818 1
0.167978 1
0.086640 1
0.433244 11
0.089773 7
0.000713 68
0.013037 8
0.004463 17
1.785078 1
0.133063 1
0.097461 1
0.135119 1
0.273372 4
0.243212 1
0.122224 1
0.519515 1
0.161115 1
0.113459 1
0.309705 4
0.186912 4
0.090735 1
0.100476 1
0.115690 1
0.163860 1
0.105375 1
0.138186 1
0.280863 1
0.369134 1
0.454480 4
0.159990 1
0.477651 1
0.138985 1
0.211895 1
0.112552 1
0.158766 1
0.272603 1
0.048941 1
0.117475 1
0.207949 1
0.420023 11
0.296303 26
2.296276 2
1.576051 33
0.240156 37
0.027116 155
0.000655 146
0.009695 402
19.807981 1
0.750114 2
0.019640 33
0.023626 188
0.009178 2
0.007968 196
0.017786 594
1.469966 330
0.042853 165
0.009510 330
0.146610 165
0.002274 165
0.041482 165
0.028047 165
0.001096 165
0.127237 165
0.002830 165
0.044338 165
0.030524 330
0.121949 165
0.009661 165
0.038780 165
0.012630 161
0.000448 165
0.013549 165
0.002198 165
0.014309 161
0.002314 165
0.110733 165
0.039747 165
0.034661 192
0.006594 194
0.005043 165
0.118872 165
0.034929 165
0.006125 165
0.018742 165
0.032838 165
0.111897 165
0.028766 165
0.010213 165
0.017081 165
0.024160 165
0.003013 165
0.003679 165
0.120791 165
0.023944 165
0.036447 165
0.021535 165
0.051588 330
0.051401 196
0.021591 165
0.018247 165
0.066295 165
0.053654 202
0.048210 165
0.014797 165
0.017116 165
0.067408 165
0.107353 165
0.008154 165
0.013626 165
0.008260 165
0.086895 165
0.090167 165
0.005945 165
0.010458 165
0.004769 165
0.013556 330
0.069221 330
0.014962 165
0.085730 165
0.015928 165
0.011371 197
0.000216 165
0.018040 193
0.133781 195
0.009801 165
0.028341 165
0.003906 165
0.003918 165
0.158078 165
0.031689 165
0.010582 165
0.001649 165
0.022330 165
0.005087 165
0.004703 165
0.056064 165
0.004637 165
0.093116 165
0.023321 165
0.015082 165
0.023045 161
0.007455 363
0.009445 37
0.006927 163
0.116701 165
0.009273 26
0.001740 163
0.010873 330
0.182776 660
0.019531 165
0.131636 330
0.011707 191
0.036081 165
0.022710 165
0.090756 41
0.010448 163
0.027242 165
0.048386 165
0.020939 165
0.040393 165
0.067944 330
0.075926 165
0.018078 165
0.050109 165
0.031300 34
0.007275 163
0.005553 165
0.003243 165
0.079823 165
0.031785 165
0.022484 165
0.039880 190
0.108353 165
0.049598 165
0.005149 165
0.023225 161
0.003591 165
0.028889 165
0.014719 326
0.092339 165
0.023105 191
0.014460 194
0.007159 165
0.153914 165
0.014256 165
0.029221 165
0.007166 165
0.005378 330
0.007365 330
0.137311 165
0.031943 33
0.001772 163
0.008399 165
0.156782 165
0.070119 165
0.021800 165
0.008685 326
0.122046 165
0.044886 165
0.150714 165
0.052585 165
0.148380 165
0.069400 165
0.135072 165
0.066786 165
0.134638 165
0.075900 165
0.143463 165
0.078302 165
0.117623 165
0.081105 165
0.123839 165
0.078891 165
0.126587 165
0.124793 165
0.074715 165
0.125678 165
0.073408 165
0.127507 165
0.075317 165
0.140093 165
0.058284 165
0.142882 165
0.062524 165
0.145048 165
0.055401 165
0.166126 165
0.035994 165
0.264921 330
0.201610 330
0.196822 165
0.003753 165
0.194806 165
0.006328 165
0.197030 165
0.003900 165
0.198147 165
0.007187 165
0.192335 165
0.005653 165
0.198782 165
0.001766 165
0.233406 165
0.001279 165
0.208881 165
0.000998 165
0.102777 165
0.096083 330
0.003922 165
0.099746 165
0.142534 165
0.005501 165
0.004847 165
0.064742 165
0.145712 330
0.007276 165
0.051658 165
0.139073 165
0.001123 165
0.002469 165
0.073525 165
0.127977 165
0.001303 330
0.075274 165
0.124364 330
0.003175 165
0.074066 165
0.121765 165
0.000532 165
0.005333 165
0.083222 165
0.120794 165
0.002802 330
0.077119 165
0.124608 495
0.077837 165
0.141483 165
0.004412 330
0.051869 165
0.200983 495
0.010423 165
0.190096 495
0.008020 165
0.193930 495
0.006443 165
0.223959 330
0.004216 165
0.001168 165
0.221228 165
0.005664 495
0.197519 165
0.001369 165
0.006864 330
0.211087 495
0.006607 165
0.194245 330
0.002453 165
0.003554 165
0.212768 495
0.002374 165
0.201606 495
0.004317 165
0.194466 165
0.003672 330
0.004357 165
0.206098 165
0.004731 495
0.211529 165
0.003170 330
0.000703 165
0.197330 660
0.209515 656
0.260989 495
0.000227 165
0.217453 330
0.004978 330
0.194074 165
0.003221 165
0.005605 330
0.191918 165
0.006293 165
0.007574 330
0.187021 165
0.007619 165
0.003396 165
0.005266 165
0.183358 165
0.004529 165
0.006924 165
0.004781 165
0.228512 165
0.005154 495
0.201758 660
0.231035 495
0.004104 165
0.213662 165
0.001630 495
0.199171 165
0.002816 330
0.002473 165
0.196766 495
0.006173 165
0.228413 660
0.192213 330
0.002221 330
0.196893 165
0.004546 495
0.238905 165
0.002102 330
0.007096 165
0.204268 495
0.001400 165
0.193786 165
0.004004 330
0.005353 165
0.190108 165
0.024530 165
0.003000 330
0.174657 165
0.026887 495
0.172556 165
0.022875 495
0.176840 165
0.026129 165
0.000988 330
0.186677 165
0.010715 165
0.004052 330
0.183348 165
0.014021 165
0.005427 330
0.188672 165
0.005510 165
0.005357 165
0.005688 165
0.182554 165
0.005592 165
0.006773 330
0.186598 165
0.017302 165
0.001621 165
0.007004 165
0.177155 165
0.017987 165
0.004055 330
0.176061 165
0.025785 165
0.003750 330
0.173550 165
0.024704 330
0.004108 165
0.167766 165
0.026669 165
0.003000 165
0.005134 165
0.210375 660
0.197955 165
0.001142 495
0.201782 330
0.006557 330
0.190595 165
0.002705 165
0.007083 330
0.190868 165
0.001484 165
0.011070 165
0.003452 165
0.184185 165
0.002274 165
0.014667 165
0.003098 165
0.195120 330
0.007744 330
0.213391 330
0.005875 330
0.192127 165
0.002527 165
0.002189 165
0.007940 165
0.243953 660
0.202927 660
0.201768 330
0.003510 330
0.258315 165
0.009002 165
0.004022 330
0.183197 165
0.005677 330
0.006796 165
0.187821 165
0.005126 165
0.005152 165
0.002107 165
0.187724 165
0.005987 165
0.002874 165
0.014882 165
0.177650 165
0.006002 165
0.000845 165
0.199034 165
0.002072 330
0.193728 165
0.005067 165
0.001555 165
0.194081 165
0.004481 165
0.006361 165
0.189276 165
0.005174 165
0.001040 165
0.209117 495
0.137113 330
8.253855 330
0.005831 165
0.705154 495
1.005908 330
0.006297 165
1.002851 495
1.007646 165
0.006499 330
1.004782 165
0.003042 330
1.012007 165
0.000669 330
1.004754 165
0.000585 330
1.005850 165
0.002103 165
0.005956 165
1.000694 495
0.429264 165
0.007786 330
0.997682 165
0.000431 165
0.007244 165
1.006067 330
0.003958 165
1.006604 330
0.000401 165
1.008816 165
0.006769 165
0.001017 165
1.010528 495
1.003482 165
0.004918 330
1.001396 330
0.008732 165
20.480785 326
0.035936 165
0.592547 161
0.004104 330
1.007260 330
0.000406 165
1.012811 495
1.004573 330
0.002319 165
1.008991 330
0.000740 165
1.009262 495
1.008194 330
0.004451 165
1.005858 165
0.006726 330
1.009595 330
0.000402 165
1.020170 165
0.013657 330
1.000373 330
0.000456 165
1.006071 330
0.002031 165
1.007620 165
0.006106 330
1.003219 330
0.005517 165
1.006850 165
0.006974 330
1.003949 495
1.007275 330
0.011476 165
13.649575 161
0.001141 165
0.016147 165
0.601493 495
1.008705 330
0.009472 165
1.001197 495
1.006119 165
0.000442 165
0.005261 165
1.011834 495
1.002923 495
1.009008 330
0.004259 165
1.013597 495
0.919387 330
0.000393 165
1.014103 495
1.005255 165
0.006295 330
1.008863 165
0.002262 330
1.007678 330
0.004702 165
1.003122 330
0.000389 165
1.006808 330
0.000437 165
1.007968 330
0.006805 165
33.332503 330
0.317858 330
0.008802 165
0.307921 165
0.002754 330
0.200274 330
0.003915 165
0.201487 330
0.008487 165
0.292573 330
0.005425 165
0.293401 330
0.003367 165
0.239989 326
0.006268 330
0.215366 330
0.259198 165
0.006284 165
0.286055 330
0.389134 165
0.000335 165
0.342795 330
0.270383 330
0.211983 330
0.362425 330
0.243989 330
0.459092 330
0.564439 330
0.501172 330
0.231521 165
0.000425 165
0.354316 330
0.349652 165
0.006364 165
0.349588 330
0.383989 165
0.004838 165
0.429303 330
0.383682 330
0.432956 165
0.002968 165
0.331097 330
0.240411 330
0.452654 330
0.339691 165
0.002210 165
0.219801 330
0.424733 165
0.003085 165
0.405955 330
0.447108 330
0.406359 165
0.003091 165
0.321108 165
0.007289 165
0.538558 330
0.360278 330
0.409161 330
0.418610 330
0.280646 165
0.001658 165
0.530086 330
0.326938 330
0.378601 165
0.002967 165
0.340976 330
0.327830 330
0.465245 165
0.005723 165
0.411895 165
0.000435 165
0.223620 165
0.001527 165
0.883508 330
0.355138 330
0.370227 330
0.330125 330
0.339040 330
0.323740 330
0.354302 330
0.391480 330
0.343652 330
0.334743 330
0.420960 330
0.351632 330
0.233105 330
0.440734 330
0.432140 165
0.005719 165
0.210775 165
0.002468 165
0.362585 330
0.327960 330
0.235603 330
0.230743 165
0.004786 165
0.216077 330
0.241951 165
0.005466 165
0.318064 330
0.445466 165
0.001631 165
0.473674 330
0.413673 330
0.408019 330
0.264061 165
0.005158 165
0.743475 330
0.260377 330
0.486005 330
0.338429 165
0.000495 165
0.352855 330
0.408803 330
0.406433 330
0.412637 165
0.000416 165
0.332213 330
0.278960 330
0.447885 330
0.329762 330
0.234155 165
0.000433 165
0.524946 330
0.418594 330
0.338183 330
0.472448 330
0.256514 330
0.574676 330
0.401826 330
0.407790 330
0.411726 330
0.217982 330
0.495086 330
0.372165 330
0.453872 330
0.407162 330
0.278755 330
0.637786 165
0.001645 165
0.369713 165
0.001748 165
0.390740 330
0.240265 165
0.874478 167
0.072939 2767
0.239878 4095
0.305222 4095
0.265645 4095
0.088775 1347
0.110334 161
0.050816 161
0.002756 161
0.046536 161
0.052780 161
0.051648 161
0.046234 161
0.002733 161
0.002131 161
0.063758 161
0.001942 161
0.003634 161
0.002479 322
0.046778 161
0.054061 161
0.003274 161
0.005350 161
0.050766 161
0.004584 161
0.002158 161
0.052087 161
0.046655 161
0.002207 161
0.004359 161
0.003534 324
0.120718 161
0.104077 161
0.107971 161
0.096680 161
0.105623 161
0.105986 161
0.110669 161
0.100635 161
0.107988 161
0.147296 161
0.105214 161
0.123686 161
0.191109 161
0.112810 161
0.100277 161
0.126463 161
0.121730 161
0.113362 161
0.109707 161
0.124114 161
0.112507 161
0.099130 161
0.149313 161
0.103170 161
0.149431 161
1.976960 161
0.012460 163
0.015356 161
0.007427 161
0.007978 161
0.005161 161
0.006595 161
0.024015 161
0.006481 161
0.004871 161
0.006606 161
0.005700 161
0.007400 161
0.006712 161
0.006351 161
0.005928 161
0.009186 161
0.005309 161
0.005742 161
0.006038 161
0.004834 161
0.005842 161
0.005872 161
0.004607 161
0.019695 161
0.005744 161
0.004401 161
0.022568 324
0.006587 161
0.006004 161
0.000935 161
0.003025 161
0.005890 161
0.015680 161
0.003530 161
0.002088 161
0.002493 161
0.002971 161
0.004629 161
0.002309 161
0.002370 161
0.000957 161
0.007768 161
0.002222 161
0.003020 161
0.001229 161
0.002133 161
0.003132 322
0.001412 161
0.024148 161
0.003632 161
0.003795 161
0.005969 161
0.003832 2
0.004039 161
0.002176 161
0.002156 161
0.005770 1932
0.020467 1934
0.024737 34
0.005768 161
0.044464 161
0.003718 2
0.010084 161
0.014711 161
0.002109 2
0.008478 161
0.005522 161
0.006533 2
0.009098 161
0.016980 161
0.009307 2
0.007960 161
0.021209 161
0.003618 2
0.016148 161
0.199428 161
0.200619 161
0.097491 163
0.045371 83
0.005177 45
0.005877 161
0.039537 161
0.003531 2
0.009312 161
0.005092 163
0.011894 161
0.043466 163
0.023448 36
0.006934 37
0.006155 161
0.007296 161
0.003450 2
0.009396 161
0.131791 161
0.001919 2
0.009787 161
0.037905 161
0.003432 2
0.009992 161
0.185487 163
0.006694 161
0.009652 161
0.003303 2
0.015037 161
0.083881 163
0.034235 161
0.050966 161
0.003225 2
0.009480 161
0.018504 161
0.001746 2
0.010708 161
0.018379 163
0.007899 161
0.002131 161
0.006032 2
0.015560 161
0.046752 161
0.007927 2
0.006774 161
0.019003 161
0.005558 2
0.004907 161
0.002502 161
0.001102 2
0.013640 161
0.199020 161
0.200774 161
0.186369 161
0.003249 2
0.034990 161
0.016133 163
0.007564 161
0.002151 161
0.005867 2
0.010069 161
0.002249 161
0.000159 161
0.003864 161
0.005197 483
0.198290 161
0.236420 161
0.203621 161
0.490637 161
0.003210 2
0.015711 36
0.017454 282
0.006296 147
0.906479 78
0.542398 37
0.024879 49
2.914773 42
3.611376 49
8.612504 38
0.538535 6
0.256423 25
2.880332 1
0.087684 1
0.420807 4
0.255956 4
0.030716 1
0.039895 1
0.037313 1
0.033777 1
0.150395 1
0.098329 1
0.337430 1
0.060225 1
0.143851 1
0.265949 1
0.175323 1
0.590704 1
0.284459 1
0.042043 1
0.175923 1
0.138072 1
0.335607 1
0.662677 1
0.455407 1
0.277536 2
0.000456 9
0.229879 45
0.016374 7
0.010118 8
0.598444 165
0.001351 165
0.183028 165
0.022079 165
0.042112 165
0.158420 165
0.204392 161
0.205582 161
0.206899 161
0.203865 161
0.217197 161
0.212227 161
0.200161 161
0.200245 161
0.204687 161
0.203867 161
0.206612 161
0.203543 161
0.208769 161
0.199073 161
0.206340 161
0.208028 161
0.202839 161
0.199910 161
0.208147 161
0.205213 161
0.195839 161
0.199849 161
0.200701 161
0.020562 161
0.183122 4
0.000971 6
0.034386 8
0.002559 17
41.892031 1
0.012014 1
0.163132 1
0.054105 1
0.502606 1
0.416160 1
0.379995 1
0.163229 1
0.305413 4
0.217894 4
0.264504 1
0.095850 1
0.079915 1
0.573752 1
0.322001 1
0.512858 1
0.239070 1
0.487649 2
0.003743 51
1.116847 1
0.046437 4
3.667420 1
0.408830 2
0.001670 105
0.017213 101
0.005848 107
0.009962 105
0.009480 111
0.008827 110
0.014941 427
0.005549 115
0.000803 103
0.010208 102
0.006449 102
0.007159 234
0.004801 102
0.003988 106
0.001586 209
0.006179 113
0.007613 113
0.000816 102
0.006445 131
5.912304 1
0.143333 1
0.428364 3
0.960753 1
0.092453 13
0.589638 11
0.053428 8
0.005674 42
0.004128 26
0.005577 24
0.001565 4
0.000674 9
0.000710 74
0.000096 12
0.002815 181
0.000536 10
0.000339 117
0.007244 1703
4.102606 26
0.258077 11
0.016194 15
0.015270 26
0.037846 22
0.000739 4
0.213385 26
0.257696 22
0.001421 4
4.130187 11
0.000465 11
0.012213 4
0.453621 22
0.014484 5
0.237374 22
0.002180 5
0.028844 22
0.000936 5
0.035223 27
0.037261 22
0.004640 5
0.029907 27
0.264024 22
0.006972 5
0.605333 27
0.474328 11
0.003314 16
0.758037 22
0.014159 1
0.209959 11
0.002345 12
1.221953 22
0.014353 5
0.238732 20
0.002009 16
0.030241 22
0.004566 5
0.029665 29
0.034323 22
0.000839 5
0.034765 27
0.593661 28
0.262701 22
0.000898 7
0.028122 22
0.008791 6
0.685501 29
0.322243 22
0.002656 5
0.727345 22
0.001367 3
0.728816 27
1.392723 22
0.000501 5
1.077618 27
0.713566 11
0.002143 17
0.301430 11
0.014308 16
0.246073 29
0.262838 22
0.005028 5
0.525970 27
0.257366 11
0.009014 17
0.247790 22
0.002533 7
0.398233 22
0.014436 5
0.261184 28
0.215676 22
0.001993 7
0.282483 22
0.007231 5
0.256964 22
0.006983 5
0.254569 28
0.233362 27
0.480591 29
0.505247 11
0.006167 11
0.000677 5
0.227750 22
0.004852 32
0.005610 32
5.555774 22
0.010034 32
0.297213 38
0.005289 15
0.000625 66
0.439189 11
0.003304 28
0.006537 15
0.320151 22
0.016154 55
0.239237 22
0.008374 17
0.001924 42
0.023978 54
0.032385 22
0.002490 31
0.035190 22
0.002367 53
0.036348 22
0.002241 54
0.029588 76
0.557531 11
0.014379 11
0.001632 32
0.276017 22
0.002295 87
0.215485 11
0.002439 28
0.006411 113
0.274522 11
0.014220 11
0.003186 57
160.297232 52
0.019328 8
0.000960 17
8.252418 1
0.131098 1
0.128560 1
0.567105 4
0.317433 1
0.163743 1
0.311510 1
0.175680 1
0.094726 1
0.126939 1
0.290561 11
0.383960 22
0.012650 90
0.001240 109
0.003655 26
0.017103 189
0.162900 24
0.009024 109
0.011083 19
0.032756 412
0.019784 314
0.003866 68
0.007514 38
0.009183 46
0.008878 150
0.016545 59
0.007470 234
0.004679 32
0.006412 35
0.006735 97
0.000809 59
0.030493 78
5.893893 50
0.002159 53
0.001105 330
0.000304 68
0.000191 2
0.000159 18
0.000169 45
0.000346 67
0.000233 2
0.000213 62
0.002429 803
0.000432 20
0.000241 46
0.000156 18
0.000214 46
0.001400 2
0.000158 18
0.000471 114
0.000212 61
0.018296 51
0.219592 50
0.000243 2
0.000172 18
0.001444 106
0.001988 18
0.000177 41
0.001090 148
0.008825 51
59.955485 50
0.000356 2
0.000180 18
0.000182 44
0.000189 2
0.000159 18
0.000168 40
0.001237 20
0.001895 189
0.003860 51
237.139880 50
0.000680 2
0.000177 18
0.000274 44
0.000210 2
0.000163 18
0.000175 40
0.001133 2
0.000166 18
0.000171 41
0.000235 20
0.000333 21
0.000341 68
0.000864 39
0.004852 51
7.122159 4
0.000198 1
0.001260 37
3.025263 76
2863.327581 1
0.258864 1
0.019437 1
0.038387 1
0.033923 1
0.040671 1
0.035463 1
0.038382 1
0.025625 1
0.034818 1
1.263524 1
0.258176 1
0.037739 1
0.035826 1
0.034053 1
0.034176 1
0.035359 1
0.032653 1
0.041214 1
0.041464 1
0.026515 1
1.165298 11
0.006502 17
0.015447 2
0.001675 25
0.213144 28
0.003081 2
0.004416 25
0.876000 1
0.235580 1
0.078552 1
0.091166 1
0.152661 11
0.020871 6
